<?xml version="1.0" encoding="UTF-8"?>
<!-- Generated by org.testng.reporters.JUnitReportReporter -->
<testsuite hostname="DESKTOP-281660K" failures="0" tests="4" name="tests.DogMenuTest" time="10.482" errors="0" timestamp="2025-04-03T20:22:51 IDT" skipped="0">
  <testcase classname="tests.DogMenuTest" name="testDogSelection" time="3.132"/>
  <testcase classname="tests.DogMenuTest" name="testDogSelection" time="1.354"/>
  <testcase classname="tests.DogMenuTest" name="testDogSelection" time="2.874"/>
  <testcase classname="tests.DogMenuTest" name="testDogSelection" time="3.122"/>
</testsuite> <!-- tests.DogMenuTest -->
