<?xml version="1.0" encoding="UTF-8"?>
<!-- Generated by org.testng.reporters.JUnitReportReporter -->
<testsuite hostname="DESKTOP-281660K" failures="0" tests="2" name="tests.TestDogMenu" time="4.723" errors="0" timestamp="2025-04-02T18:53:48 IDT" skipped="0">
  <testcase classname="tests.TestDogMenu" name="testFillContactFormForEachDog" time="3.072"/>
  <testcase classname="tests.TestDogMenu" name="testMenuItems" time="1.651"/>
</testsuite> <!-- tests.TestDogMenu -->
